[2019-09-17 21:22:46 +0800] [28044] [INFO] Starting gunicorn 19.9.0
[2019-09-17 21:22:46 +0800] [28044] [INFO] Listening at: http://127.0.0.1:9000 (28044)
[2019-09-17 21:22:46 +0800] [28044] [INFO] Using worker: gevent
[2019-09-17 21:22:46 +0800] [28049] [INFO] Booting worker with pid: 28049
[2019-09-17 21:22:46 +0800] [28050] [INFO] Booting worker with pid: 28050
[2019-09-17 21:22:46 +0800] [28051] [INFO] Booting worker with pid: 28051
[2019-09-17 21:22:46 +0800] [28052] [INFO] Booting worker with pid: 28052
[2019-09-17 21:22:46 +0800] [28053] [INFO] Booting worker with pid: 28053
[2019-09-17 21:22:46 +0800] [28054] [INFO] Booting worker with pid: 28054
[2019-09-17 21:22:46 +0800] [28055] [INFO] Booting worker with pid: 28055
[2019-09-17 21:22:46 +0800] [28056] [INFO] Booting worker with pid: 28056
/Users/xingwenhao/anaconda3/lib/python3.6/site-packages/gunicorn/workers/ggevent.py:65: MonkeyPatchWarning: Monkey-patching ssl after ssl has already been imported may lead to errors, including RecursionError on Python 3.6. Please monkey-patch earlier. See https://github.com/gevent/gevent/issues/1016
  monkey.patch_all(subprocess=True)
/Users/xingwenhao/anaconda3/lib/python3.6/site-packages/gunicorn/workers/ggevent.py:65: MonkeyPatchWarning: Monkey-patching ssl after ssl has already been imported may lead to errors, including RecursionError on Python 3.6. Please monkey-patch earlier. See https://github.com/gevent/gevent/issues/1016
  monkey.patch_all(subprocess=True)
/Users/xingwenhao/anaconda3/lib/python3.6/site-packages/gunicorn/workers/ggevent.py:65: MonkeyPatchWarning: Monkey-patching ssl after ssl has already been imported may lead to errors, including RecursionError on Python 3.6. Please monkey-patch earlier. See https://github.com/gevent/gevent/issues/1016
  monkey.patch_all(subprocess=True)
/Users/xingwenhao/anaconda3/lib/python3.6/site-packages/gunicorn/workers/ggevent.py:65: MonkeyPatchWarning: Monkey-patching ssl after ssl has already been imported may lead to errors, including RecursionError on Python 3.6. Please monkey-patch earlier. See https://github.com/gevent/gevent/issues/1016
  monkey.patch_all(subprocess=True)
/Users/xingwenhao/anaconda3/lib/python3.6/site-packages/gunicorn/workers/ggevent.py:65: MonkeyPatchWarning: Monkey-patching ssl after ssl has already been imported may lead to errors, including RecursionError on Python 3.6. Please monkey-patch earlier. See https://github.com/gevent/gevent/issues/1016
  monkey.patch_all(subprocess=True)
/Users/xingwenhao/anaconda3/lib/python3.6/site-packages/gunicorn/workers/ggevent.py:65: MonkeyPatchWarning: Monkey-patching ssl after ssl has already been imported may lead to errors, including RecursionError on Python 3.6. Please monkey-patch earlier. See https://github.com/gevent/gevent/issues/1016
  monkey.patch_all(subprocess=True)
/Users/xingwenhao/anaconda3/lib/python3.6/site-packages/gunicorn/workers/ggevent.py:65: MonkeyPatchWarning: Monkey-patching ssl after ssl has already been imported may lead to errors, including RecursionError on Python 3.6. Please monkey-patch earlier. See https://github.com/gevent/gevent/issues/1016
  monkey.patch_all(subprocess=True)
/Users/xingwenhao/anaconda3/lib/python3.6/site-packages/gunicorn/workers/ggevent.py:65: MonkeyPatchWarning: Monkey-patching ssl after ssl has already been imported may lead to errors, including RecursionError on Python 3.6. Please monkey-patch earlier. See https://github.com/gevent/gevent/issues/1016
  monkey.patch_all(subprocess=True)
[2019-09-17 21:33:14 +0800] [28044] [INFO] Handling signal: term
[2019-09-17 21:33:14 +0800] [28052] [INFO] Worker exiting (pid: 28052)
[2019-09-17 21:33:14 +0800] [28054] [INFO] Worker exiting (pid: 28054)
[2019-09-17 21:33:14 +0800] [28053] [INFO] Worker exiting (pid: 28053)
[2019-09-17 21:33:14 +0800] [28056] [INFO] Worker exiting (pid: 28056)
[2019-09-17 21:33:14 +0800] [28055] [INFO] Worker exiting (pid: 28055)
[2019-09-17 21:33:15 +0800] [28050] [INFO] Worker exiting (pid: 28050)
[2019-09-17 21:33:15 +0800] [28051] [INFO] Worker exiting (pid: 28051)
[2019-09-17 21:33:15 +0800] [28049] [INFO] Worker exiting (pid: 28049)
[2019-09-17 21:33:15 +0800] [28044] [INFO] Shutting down: Master
[2019-09-17 21:33:47 +0800] [30394] [INFO] Starting gunicorn 19.9.0
[2019-09-17 21:33:47 +0800] [30394] [INFO] Listening at: http://127.0.0.1:9000 (30394)
[2019-09-17 21:33:47 +0800] [30394] [INFO] Using worker: gevent
[2019-09-17 21:33:47 +0800] [30405] [INFO] Booting worker with pid: 30405
[2019-09-17 21:33:47 +0800] [30408] [INFO] Booting worker with pid: 30408
[2019-09-17 21:33:47 +0800] [30409] [INFO] Booting worker with pid: 30409
[2019-09-17 21:33:47 +0800] [30410] [INFO] Booting worker with pid: 30410
/Users/xingwenhao/anaconda3/lib/python3.6/site-packages/gunicorn/workers/ggevent.py:65: MonkeyPatchWarning: Monkey-patching ssl after ssl has already been imported may lead to errors, including RecursionError on Python 3.6. Please monkey-patch earlier. See https://github.com/gevent/gevent/issues/1016
  monkey.patch_all(subprocess=True)
/Users/xingwenhao/anaconda3/lib/python3.6/site-packages/gunicorn/workers/ggevent.py:65: MonkeyPatchWarning: Monkey-patching ssl after ssl has already been imported may lead to errors, including RecursionError on Python 3.6. Please monkey-patch earlier. See https://github.com/gevent/gevent/issues/1016
  monkey.patch_all(subprocess=True)
/Users/xingwenhao/anaconda3/lib/python3.6/site-packages/gunicorn/workers/ggevent.py:65: MonkeyPatchWarning: Monkey-patching ssl after ssl has already been imported may lead to errors, including RecursionError on Python 3.6. Please monkey-patch earlier. See https://github.com/gevent/gevent/issues/1016
  monkey.patch_all(subprocess=True)
[2019-09-17 21:33:47 +0800] [30411] [INFO] Booting worker with pid: 30411
[2019-09-17 21:33:47 +0800] [30412] [INFO] Booting worker with pid: 30412
/Users/xingwenhao/anaconda3/lib/python3.6/site-packages/gunicorn/workers/ggevent.py:65: MonkeyPatchWarning: Monkey-patching ssl after ssl has already been imported may lead to errors, including RecursionError on Python 3.6. Please monkey-patch earlier. See https://github.com/gevent/gevent/issues/1016
  monkey.patch_all(subprocess=True)
[2019-09-17 21:33:47 +0800] [30413] [INFO] Booting worker with pid: 30413
[2019-09-17 21:33:47 +0800] [30414] [INFO] Booting worker with pid: 30414
/Users/xingwenhao/anaconda3/lib/python3.6/site-packages/gunicorn/workers/ggevent.py:65: MonkeyPatchWarning: Monkey-patching ssl after ssl has already been imported may lead to errors, including RecursionError on Python 3.6. Please monkey-patch earlier. See https://github.com/gevent/gevent/issues/1016
  monkey.patch_all(subprocess=True)
/Users/xingwenhao/anaconda3/lib/python3.6/site-packages/gunicorn/workers/ggevent.py:65: MonkeyPatchWarning: Monkey-patching ssl after ssl has already been imported may lead to errors, including RecursionError on Python 3.6. Please monkey-patch earlier. See https://github.com/gevent/gevent/issues/1016
  monkey.patch_all(subprocess=True)
/Users/xingwenhao/anaconda3/lib/python3.6/site-packages/gunicorn/workers/ggevent.py:65: MonkeyPatchWarning: Monkey-patching ssl after ssl has already been imported may lead to errors, including RecursionError on Python 3.6. Please monkey-patch earlier. See https://github.com/gevent/gevent/issues/1016
  monkey.patch_all(subprocess=True)
/Users/xingwenhao/anaconda3/lib/python3.6/site-packages/gunicorn/workers/ggevent.py:65: MonkeyPatchWarning: Monkey-patching ssl after ssl has already been imported may lead to errors, including RecursionError on Python 3.6. Please monkey-patch earlier. See https://github.com/gevent/gevent/issues/1016
  monkey.patch_all(subprocess=True)
[2019-09-17 21:44:25 +0800] [30394] [INFO] Handling signal: int
[2019-09-17 21:44:25 +0800] [30414] [INFO] Worker exiting (pid: 30414)
[2019-09-17 21:44:25 +0800] [30413] [INFO] Worker exiting (pid: 30413)
[2019-09-17 21:44:25 +0800] [30410] [INFO] Worker exiting (pid: 30410)
[2019-09-17 21:44:25 +0800] [30411] [INFO] Worker exiting (pid: 30411)
[2019-09-17 21:44:25 +0800] [30409] [INFO] Worker exiting (pid: 30409)
[2019-09-17 21:44:25 +0800] [30412] [INFO] Worker exiting (pid: 30412)
[2019-09-17 21:44:25 +0800] [30405] [INFO] Worker exiting (pid: 30405)
[2019-09-17 21:44:25 +0800] [30408] [INFO] Worker exiting (pid: 30408)
[2019-09-17 21:44:25 +0800] [30394] [INFO] Shutting down: Master
[2019-09-17 21:44:29 +0800] [32671] [INFO] Starting gunicorn 19.9.0
[2019-09-17 21:44:29 +0800] [32671] [INFO] Listening at: http://127.0.0.1:9000 (32671)
[2019-09-17 21:44:29 +0800] [32671] [INFO] Using worker: gevent
[2019-09-17 21:44:29 +0800] [32678] [INFO] Booting worker with pid: 32678
[2019-09-17 21:44:29 +0800] [32679] [INFO] Booting worker with pid: 32679
[2019-09-17 21:44:29 +0800] [32680] [INFO] Booting worker with pid: 32680
[2019-09-17 21:44:29 +0800] [32681] [INFO] Booting worker with pid: 32681
[2019-09-17 21:44:29 +0800] [32682] [INFO] Booting worker with pid: 32682
[2019-09-17 21:44:29 +0800] [32683] [INFO] Booting worker with pid: 32683
[2019-09-17 21:44:29 +0800] [32684] [INFO] Booting worker with pid: 32684
/Users/xingwenhao/anaconda3/lib/python3.6/site-packages/gunicorn/workers/ggevent.py:65: MonkeyPatchWarning: Monkey-patching ssl after ssl has already been imported may lead to errors, including RecursionError on Python 3.6. Please monkey-patch earlier. See https://github.com/gevent/gevent/issues/1016
  monkey.patch_all(subprocess=True)
/Users/xingwenhao/anaconda3/lib/python3.6/site-packages/gunicorn/workers/ggevent.py:65: MonkeyPatchWarning: Monkey-patching ssl after ssl has already been imported may lead to errors, including RecursionError on Python 3.6. Please monkey-patch earlier. See https://github.com/gevent/gevent/issues/1016
  monkey.patch_all(subprocess=True)
[2019-09-17 21:44:29 +0800] [32685] [INFO] Booting worker with pid: 32685
/Users/xingwenhao/anaconda3/lib/python3.6/site-packages/gunicorn/workers/ggevent.py:65: MonkeyPatchWarning: Monkey-patching ssl after ssl has already been imported may lead to errors, including RecursionError on Python 3.6. Please monkey-patch earlier. See https://github.com/gevent/gevent/issues/1016
  monkey.patch_all(subprocess=True)
/Users/xingwenhao/anaconda3/lib/python3.6/site-packages/gunicorn/workers/ggevent.py:65: MonkeyPatchWarning: Monkey-patching ssl after ssl has already been imported may lead to errors, including RecursionError on Python 3.6. Please monkey-patch earlier. See https://github.com/gevent/gevent/issues/1016
  monkey.patch_all(subprocess=True)
/Users/xingwenhao/anaconda3/lib/python3.6/site-packages/gunicorn/workers/ggevent.py:65: MonkeyPatchWarning: Monkey-patching ssl after ssl has already been imported may lead to errors, including RecursionError on Python 3.6. Please monkey-patch earlier. See https://github.com/gevent/gevent/issues/1016
  monkey.patch_all(subprocess=True)
/Users/xingwenhao/anaconda3/lib/python3.6/site-packages/gunicorn/workers/ggevent.py:65: MonkeyPatchWarning: Monkey-patching ssl after ssl has already been imported may lead to errors, including RecursionError on Python 3.6. Please monkey-patch earlier. See https://github.com/gevent/gevent/issues/1016
  monkey.patch_all(subprocess=True)
/Users/xingwenhao/anaconda3/lib/python3.6/site-packages/gunicorn/workers/ggevent.py:65: MonkeyPatchWarning: Monkey-patching ssl after ssl has already been imported may lead to errors, including RecursionError on Python 3.6. Please monkey-patch earlier. See https://github.com/gevent/gevent/issues/1016
  monkey.patch_all(subprocess=True)
/Users/xingwenhao/anaconda3/lib/python3.6/site-packages/gunicorn/workers/ggevent.py:65: MonkeyPatchWarning: Monkey-patching ssl after ssl has already been imported may lead to errors, including RecursionError on Python 3.6. Please monkey-patch earlier. See https://github.com/gevent/gevent/issues/1016
  monkey.patch_all(subprocess=True)
asdasdsadsad
asdasdsadsad
asdasdsadsad
asdasdsadsad
asdasdsadsad
asdasdsadsad
asdasdsadsad
asdasdsadsad
asdasdsadsad
asdasdsadsad
asdasdsadsad
asdasdsadsad
asdasdsadsad
[2019-09-17 21:56:58 +0800] [32671] [INFO] Handling signal: int
[2019-09-17 21:56:58 +0800] [32684] [INFO] Worker exiting (pid: 32684)
[2019-09-17 21:56:58 +0800] [32685] [INFO] Worker exiting (pid: 32685)
[2019-09-17 21:56:58 +0800] [32683] [INFO] Worker exiting (pid: 32683)
[2019-09-17 21:56:58 +0800] [32682] [INFO] Worker exiting (pid: 32682)
[2019-09-17 21:56:58 +0800] [32680] [INFO] Worker exiting (pid: 32680)
[2019-09-17 21:56:58 +0800] [32678] [INFO] Worker exiting (pid: 32678)
[2019-09-17 21:56:58 +0800] [32681] [INFO] Worker exiting (pid: 32681)
[2019-09-17 21:56:58 +0800] [32679] [INFO] Worker exiting (pid: 32679)
[2019-09-17 21:56:58 +0800] [32671] [INFO] Shutting down: Master

Error: class uri 'gevent' invalid or not found: 

[Traceback (most recent call last):
  File "/Users/xingwenhao/anaconda3/lib/python3.6/site-packages/gunicorn/util.py", line 135, in load_class
    mod = import_module('.'.join(components))
  File "/Users/xingwenhao/anaconda3/lib/python3.6/importlib/__init__.py", line 126, in import_module
    return _bootstrap._gcd_import(name[level:], package, level)
  File "<frozen importlib._bootstrap>", line 994, in _gcd_import
  File "<frozen importlib._bootstrap>", line 971, in _find_and_load
  File "<frozen importlib._bootstrap>", line 955, in _find_and_load_unlocked
  File "<frozen importlib._bootstrap>", line 665, in _load_unlocked
  File "<frozen importlib._bootstrap_external>", line 678, in exec_module
  File "<frozen importlib._bootstrap>", line 219, in _call_with_frames_removed
  File "/Users/xingwenhao/anaconda3/lib/python3.6/site-packages/gunicorn/workers/ggevent.py", line 24, in <module>
    from gevent.server import StreamServer
  File "/Users/xingwenhao/anaconda3/lib/python3.6/site-packages/gevent/server.py", line 12, in <module>
    from gevent.socket import EWOULDBLOCK
  File "<frozen importlib._bootstrap>", line 971, in _find_and_load
  File "<frozen importlib._bootstrap>", line 955, in _find_and_load_unlocked
  File "<frozen importlib._bootstrap>", line 665, in _load_unlocked
  File "<frozen importlib._bootstrap_external>", line 674, in exec_module
  File "<frozen importlib._bootstrap_external>", line 764, in get_code
  File "<frozen importlib._bootstrap_external>", line 833, in get_data
KeyboardInterrupt
]

